{
  "RSpec": {
    "coverage": {
      "/Users/san-di/makersAcademy/bank_tech_test/spec/models/bank_account_spec.rb": [
        1,
        null,
        1,
        1,
        1,
        1,
        1,
        1,
        1,
        null,
        null,
        null,
        1,
        1,
        1,
        1,
        1,
        null,
        null,
        1,
        1,
        1,
        1,
        1,
        1,
        1,
        1,
        null,
        null,
        1,
        1,
        1,
        1,
        1,
        1,
        1,
        1,
        1,
        null,
        null,
        null,
        1,
        1,
        1,
        1,
        1,
        1,
        null,
        null,
        1,
        1,
        1,
        1,
        1,
        1,
        1,
        1,
        1,
        null,
        null,
        null
      ],
      "/Users/san-di/makersAcademy/bank_tech_test/spec/bank_account_helper.rb": [
        1
      ],
      "/Users/san-di/makersAcademy/bank_tech_test/lib/bank_account.rb": [
        null,
        1,
        1,
        null,
        1,
        null,
        1,
        6,
        6,
        6,
        6,
        null,
        null,
        1,
        6,
        6,
        null,
        null,
        1,
        2,
        2,
        null,
        null,
        1,
        null,
        1,
        6,
        null,
        null,
        1,
        2,
        null,
        null
      ],
      "/Users/san-di/makersAcademy/bank_tech_test/spec/models/statement_spec.rb": [
        1,
        null,
        1,
        1,
        1,
        1,
        1,
        null,
        null,
        1,
        1,
        1,
        1,
        1,
        null,
        null,
        1,
        1,
        1,
        1,
        1,
        1,
        1,
        null,
        null,
        null
      ],
      "/Users/san-di/makersAcademy/bank_tech_test/lib/statement.rb": [
        null,
        1,
        1,
        null,
        1,
        null,
        1,
        10,
        null,
        null,
        1,
        1,
        3,
        null,
        null,
        null
      ]
    },
    "timestamp": 1543934832
  }
}
